{"D:\\Programming\\My-first-React-project\\src\\app\\constants\\actionTypes.ts": {"path":"D:\\Programming\\My-first-React-project\\src\\app\\constants\\actionTypes.ts","statementMap":{"0":{"start":{"line":1,"column":0},"end":{"line":1,"column":null}},"1":{"start":{"line":2,"column":4},"end":{"line":2,"column":null}},"2":{"start":{"line":3,"column":4},"end":{"line":3,"column":null}},"3":{"start":{"line":4,"column":4},"end":{"line":4,"column":null}},"4":{"start":{"line":5,"column":4},"end":{"line":5,"column":null}},"5":{"start":{"line":6,"column":4},"end":{"line":6,"column":null}},"6":{"start":{"line":7,"column":4},"end":{"line":7,"column":null}}},"fnMap":{"0":{"name":"(anonymous_0)","decl":{"start":{"line":1,"column":0},"end":{"line":1,"column":12}},"loc":{"start":{"line":1,"column":23},"end":{"line":9,"column":1}}}},"branchMap":{"0":{"loc":{"start":{"line":1,"column":12},"end":{"line":1,"column":null}},"type":"binary-expr","locations":[{"start":{"line":1,"column":12},"end":{"line":1,"column":23}},{"start":{"line":1,"column":12},"end":{"line":1,"column":null}}]}},"s":{"0":1,"1":1,"2":1,"3":1,"4":1,"5":1,"6":1},"f":{"0":1},"b":{"0":[1,1]}}
,"D:\\Programming\\My-first-React-project\\src\\app\\constants\\localStorageKeys.ts": {"path":"D:\\Programming\\My-first-React-project\\src\\app\\constants\\localStorageKeys.ts","statementMap":{"0":{"start":{"line":1,"column":0},"end":{"line":1,"column":null}},"1":{"start":{"line":2,"column":4},"end":{"line":2,"column":null}}},"fnMap":{"0":{"name":"(anonymous_0)","decl":{"start":{"line":1,"column":0},"end":{"line":1,"column":12}},"loc":{"start":{"line":1,"column":28},"end":{"line":3,"column":1}}}},"branchMap":{"0":{"loc":{"start":{"line":1,"column":12},"end":{"line":1,"column":null}},"type":"binary-expr","locations":[{"start":{"line":1,"column":12},"end":{"line":1,"column":28}},{"start":{"line":1,"column":12},"end":{"line":1,"column":null}}]}},"s":{"0":1,"1":1},"f":{"0":1},"b":{"0":[1,1]}}
,"D:\\Programming\\My-first-React-project\\src\\app\\types\\IMovieGenre.ts": {"path":"D:\\Programming\\My-first-React-project\\src\\app\\types\\IMovieGenre.ts","statementMap":{"0":{"start":{"line":1,"column":0},"end":{"line":1,"column":null}},"1":{"start":{"line":2,"column":4},"end":{"line":2,"column":null}},"2":{"start":{"line":3,"column":4},"end":{"line":3,"column":null}},"3":{"start":{"line":4,"column":4},"end":{"line":4,"column":null}},"4":{"start":{"line":5,"column":4},"end":{"line":5,"column":null}},"5":{"start":{"line":6,"column":4},"end":{"line":6,"column":null}},"6":{"start":{"line":7,"column":4},"end":{"line":7,"column":null}},"7":{"start":{"line":8,"column":4},"end":{"line":8,"column":null}},"8":{"start":{"line":9,"column":4},"end":{"line":9,"column":null}},"9":{"start":{"line":10,"column":4},"end":{"line":10,"column":null}},"10":{"start":{"line":11,"column":4},"end":{"line":11,"column":null}},"11":{"start":{"line":12,"column":4},"end":{"line":12,"column":null}},"12":{"start":{"line":13,"column":4},"end":{"line":13,"column":null}},"13":{"start":{"line":14,"column":4},"end":{"line":14,"column":null}}},"fnMap":{"0":{"name":"(anonymous_0)","decl":{"start":{"line":1,"column":0},"end":{"line":1,"column":12}},"loc":{"start":{"line":1,"column":23},"end":{"line":15,"column":1}}}},"branchMap":{"0":{"loc":{"start":{"line":1,"column":12},"end":{"line":1,"column":null}},"type":"binary-expr","locations":[{"start":{"line":1,"column":12},"end":{"line":1,"column":23}},{"start":{"line":1,"column":12},"end":{"line":1,"column":null}}]}},"s":{"0":2,"1":2,"2":2,"3":2,"4":2,"5":2,"6":2,"7":2,"8":2,"9":2,"10":2,"11":2,"12":2,"13":2},"f":{"0":2},"b":{"0":[2,2]}}
,"D:\\Programming\\My-first-React-project\\src\\store\\payloadCreators\\loginUserCreator.ts": {"path":"D:\\Programming\\My-first-React-project\\src\\store\\payloadCreators\\loginUserCreator.ts","statementMap":{"0":{"start":{"line":2,"column":0},"end":{"line":2,"column":72}},"1":{"start":{"line":6,"column":32},"end":{"line":26,"column":null}},"2":{"start":{"line":6,"column":111},"end":{"line":26,"column":null}},"3":{"start":{"line":8,"column":25},"end":{"line":16,"column":null}},"4":{"start":{"line":8,"column":14},"end":{"line":16,"column":null}},"5":{"start":{"line":17,"column":22},"end":{"line":17,"column":null}},"6":{"start":{"line":17,"column":14},"end":{"line":17,"column":null}},"7":{"start":{"line":18,"column":8},"end":{"line":20,"column":null}},"8":{"start":{"line":19,"column":12},"end":{"line":19,"column":31}},"9":{"start":{"line":21,"column":8},"end":{"line":21,"column":null}},"10":{"start":{"line":22,"column":8},"end":{"line":22,"column":21}},"11":{"start":{"line":24,"column":8},"end":{"line":24,"column":null}},"12":{"start":{"line":6,"column":13},"end":{"line":6,"column":32}}},"fnMap":{"0":{"name":"(anonymous_13)","decl":{"start":{"line":6,"column":32},"end":{"line":6,"column":39}},"loc":{"start":{"line":6,"column":111},"end":{"line":26,"column":null}}},"1":{"name":"(anonymous_14)","decl":{"start":{"line":6,"column":111},"end":{"line":6,"column":null}},"loc":{"start":{"line":6,"column":111},"end":{"line":26,"column":null}}}},"branchMap":{"0":{"loc":{"start":{"line":18,"column":8},"end":{"line":20,"column":null}},"type":"if","locations":[{"start":{"line":18,"column":8},"end":{"line":20,"column":null}}]},"1":{"loc":{"start":{"line":18,"column":12},"end":{"line":18,"column":60}},"type":"binary-expr","locations":[{"start":{"line":18,"column":12},"end":{"line":18,"column":34}},{"start":{"line":18,"column":38},"end":{"line":18,"column":60}}]}},"s":{"0":1,"1":1,"2":3,"3":3,"4":3,"5":3,"6":3,"7":3,"8":1,"9":2,"10":2,"11":1,"12":1},"f":{"0":3,"1":3},"b":{"0":[1],"1":[3,1]}}
,"D:\\Programming\\My-first-React-project\\src\\store\\reducers\\filmIdReducer.ts": {"path":"D:\\Programming\\My-first-React-project\\src\\store\\reducers\\filmIdReducer.ts","statementMap":{"0":{"start":{"line":2,"column":30},"end":{"line":8,"column":1}},"1":{"start":{"line":3,"column":15},"end":{"line":3,"column":29}},"2":{"start":{"line":4,"column":19},"end":{"line":6,"column":6}},"3":{"start":{"line":5,"column":12},"end":{"line":5,"column":34}},"4":{"start":{"line":7,"column":4},"end":{"line":7,"column":32}},"5":{"start":{"line":2,"column":13},"end":{"line":2,"column":30}}},"fnMap":{"0":{"name":"(anonymous_0)","decl":{"start":{"line":2,"column":30},"end":{"line":2,"column":31}},"loc":{"start":{"line":2,"column":70},"end":{"line":8,"column":1}}},"1":{"name":"(anonymous_1)","decl":{"start":{"line":4,"column":36},"end":{"line":4,"column":37}},"loc":{"start":{"line":4,"column":41},"end":{"line":6,"column":5}}}},"branchMap":{},"s":{"0":1,"1":1,"2":1,"3":3,"4":1,"5":1},"f":{"0":1,"1":3},"b":{}}
,"D:\\Programming\\My-first-React-project\\src\\store\\reducers\\filterMoviesReducer.ts": {"path":"D:\\Programming\\My-first-React-project\\src\\store\\reducers\\filterMoviesReducer.ts","statementMap":{"0":{"start":{"line":4,"column":36},"end":{"line":19,"column":1}},"1":{"start":{"line":5,"column":37},"end":{"line":5,"column":51}},"2":{"start":{"line":5,"column":21},"end":{"line":5,"column":23}},"3":{"start":{"line":5,"column":33},"end":{"line":5,"column":37}},"4":{"start":{"line":6,"column":26},"end":{"line":17,"column":6}},"5":{"start":{"line":7,"column":8},"end":{"line":9,"column":null}},"6":{"start":{"line":8,"column":12},"end":{"line":8,"column":24}},"7":{"start":{"line":10,"column":8},"end":{"line":12,"column":null}},"8":{"start":{"line":11,"column":12},"end":{"line":11,"column":82}},"9":{"start":{"line":13,"column":8},"end":{"line":15,"column":null}},"10":{"start":{"line":14,"column":12},"end":{"line":14,"column":113}},"11":{"start":{"line":14,"column":48},"end":{"line":14,"column":112}},"12":{"start":{"line":18,"column":4},"end":{"line":18,"column":40}},"13":{"start":{"line":4,"column":13},"end":{"line":4,"column":36}}},"fnMap":{"0":{"name":"(anonymous_0)","decl":{"start":{"line":4,"column":36},"end":{"line":4,"column":37}},"loc":{"start":{"line":4,"column":63},"end":{"line":19,"column":1}}},"1":{"name":"(anonymous_1)","decl":{"start":{"line":6,"column":45},"end":{"line":6,"column":46}},"loc":{"start":{"line":6,"column":50},"end":{"line":17,"column":5}}},"2":{"name":"(anonymous_2)","decl":{"start":{"line":14,"column":37},"end":{"line":14,"column":38}},"loc":{"start":{"line":14,"column":43},"end":{"line":14,"column":53}}}},"branchMap":{"0":{"loc":{"start":{"line":7,"column":8},"end":{"line":9,"column":null}},"type":"if","locations":[{"start":{"line":7,"column":8},"end":{"line":9,"column":null}}]},"1":{"loc":{"start":{"line":10,"column":8},"end":{"line":12,"column":null}},"type":"if","locations":[{"start":{"line":10,"column":8},"end":{"line":12,"column":null}}]},"2":{"loc":{"start":{"line":13,"column":8},"end":{"line":15,"column":null}},"type":"if","locations":[{"start":{"line":13,"column":8},"end":{"line":15,"column":null}}]}},"s":{"0":1,"1":3,"2":3,"3":3,"4":3,"5":9,"6":3,"7":6,"8":3,"9":3,"10":3,"11":3,"12":3,"13":1},"f":{"0":3,"1":9,"2":3},"b":{"0":[3],"1":[3],"2":[3]}}
,"D:\\Programming\\My-first-React-project\\src\\store\\reducers\\setFilterNameReducer.ts": {"path":"D:\\Programming\\My-first-React-project\\src\\store\\reducers\\setFilterNameReducer.ts","statementMap":{"0":{"start":{"line":4,"column":37},"end":{"line":7,"column":1}},"1":{"start":{"line":5,"column":25},"end":{"line":5,"column":40}},"2":{"start":{"line":6,"column":4},"end":{"line":6,"column":34}},"3":{"start":{"line":4,"column":13},"end":{"line":4,"column":37}}},"fnMap":{"0":{"name":"(anonymous_0)","decl":{"start":{"line":4,"column":37},"end":{"line":4,"column":38}},"loc":{"start":{"line":4,"column":64},"end":{"line":7,"column":1}}}},"branchMap":{},"s":{"0":1,"1":1,"2":1,"3":1},"f":{"0":1},"b":{}}
,"D:\\Programming\\My-first-React-project\\src\\store\\reducers\\sortMoviesByNameReducer.ts": {"path":"D:\\Programming\\My-first-React-project\\src\\store\\reducers\\sortMoviesByNameReducer.ts","statementMap":{"0":{"start":{"line":4,"column":39},"end":{"line":21,"column":1}},"1":{"start":{"line":5,"column":23},"end":{"line":5,"column":38}},"2":{"start":{"line":6,"column":34},"end":{"line":14,"column":6}},"3":{"start":{"line":7,"column":8},"end":{"line":9,"column":null}},"4":{"start":{"line":8,"column":12},"end":{"line":8,"column":22}},"5":{"start":{"line":10,"column":8},"end":{"line":12,"column":null}},"6":{"start":{"line":11,"column":12},"end":{"line":11,"column":21}},"7":{"start":{"line":13,"column":8},"end":{"line":13,"column":17}},"8":{"start":{"line":15,"column":4},"end":{"line":19,"column":null}},"9":{"start":{"line":16,"column":8},"end":{"line":16,"column":42}},"10":{"start":{"line":18,"column":8},"end":{"line":18,"column":52}},"11":{"start":{"line":4,"column":13},"end":{"line":4,"column":39}}},"fnMap":{"0":{"name":"(anonymous_0)","decl":{"start":{"line":4,"column":39},"end":{"line":4,"column":40}},"loc":{"start":{"line":4,"column":66},"end":{"line":21,"column":1}}},"1":{"name":"(anonymous_1)","decl":{"start":{"line":6,"column":51},"end":{"line":6,"column":52}},"loc":{"start":{"line":6,"column":56},"end":{"line":14,"column":5}}}},"branchMap":{"0":{"loc":{"start":{"line":7,"column":8},"end":{"line":9,"column":null}},"type":"if","locations":[{"start":{"line":7,"column":8},"end":{"line":9,"column":null}}]},"1":{"loc":{"start":{"line":10,"column":8},"end":{"line":12,"column":null}},"type":"if","locations":[{"start":{"line":10,"column":8},"end":{"line":12,"column":null}}]},"2":{"loc":{"start":{"line":15,"column":4},"end":{"line":19,"column":null}},"type":"if","locations":[{"start":{"line":15,"column":4},"end":{"line":19,"column":null}},{"start":{"line":17,"column":11},"end":{"line":19,"column":null}}]}},"s":{"0":1,"1":2,"2":2,"3":16,"4":6,"5":10,"6":8,"7":2,"8":2,"9":1,"10":1,"11":1},"f":{"0":2,"1":16},"b":{"0":[6],"1":[8],"2":[1,1]}}
,"D:\\Programming\\My-first-React-project\\src\\store\\reducers\\sortMoviesByYearReducer.ts": {"path":"D:\\Programming\\My-first-React-project\\src\\store\\reducers\\sortMoviesByYearReducer.ts","statementMap":{"0":{"start":{"line":4,"column":39},"end":{"line":20,"column":5}},"1":{"start":{"line":5,"column":29},"end":{"line":5,"column":44}},"2":{"start":{"line":6,"column":38},"end":{"line":14,"column":10}},"3":{"start":{"line":7,"column":12},"end":{"line":9,"column":null}},"4":{"start":{"line":8,"column":16},"end":{"line":8,"column":26}},"5":{"start":{"line":10,"column":12},"end":{"line":12,"column":null}},"6":{"start":{"line":11,"column":16},"end":{"line":11,"column":25}},"7":{"start":{"line":13,"column":12},"end":{"line":13,"column":21}},"8":{"start":{"line":15,"column":8},"end":{"line":19,"column":null}},"9":{"start":{"line":16,"column":12},"end":{"line":16,"column":46}},"10":{"start":{"line":18,"column":12},"end":{"line":18,"column":56}},"11":{"start":{"line":4,"column":13},"end":{"line":4,"column":39}}},"fnMap":{"0":{"name":"(anonymous_0)","decl":{"start":{"line":4,"column":39},"end":{"line":4,"column":40}},"loc":{"start":{"line":4,"column":66},"end":{"line":20,"column":5}}},"1":{"name":"(anonymous_1)","decl":{"start":{"line":6,"column":55},"end":{"line":6,"column":56}},"loc":{"start":{"line":6,"column":60},"end":{"line":14,"column":9}}}},"branchMap":{"0":{"loc":{"start":{"line":7,"column":12},"end":{"line":9,"column":null}},"type":"if","locations":[{"start":{"line":7,"column":12},"end":{"line":9,"column":null}}]},"1":{"loc":{"start":{"line":10,"column":12},"end":{"line":12,"column":null}},"type":"if","locations":[{"start":{"line":10,"column":12},"end":{"line":12,"column":null}}]},"2":{"loc":{"start":{"line":15,"column":8},"end":{"line":19,"column":null}},"type":"if","locations":[{"start":{"line":15,"column":8},"end":{"line":19,"column":null}},{"start":{"line":17,"column":15},"end":{"line":19,"column":null}}]}},"s":{"0":1,"1":2,"2":2,"3":12,"4":4,"5":8,"6":6,"7":2,"8":2,"9":1,"10":1,"11":1},"f":{"0":2,"1":12},"b":{"0":[4],"1":[6],"2":[1,1]}}
,"D:\\Programming\\My-first-React-project\\src\\store\\thunks\\setTokenToLocalStorage.ts": {"path":"D:\\Programming\\My-first-React-project\\src\\store\\thunks\\setTokenToLocalStorage.ts","statementMap":{"0":{"start":{"line":1,"column":0},"end":{"line":1,"column":50}},"1":{"start":{"line":2,"column":0},"end":{"line":2,"column":60}},"2":{"start":{"line":3,"column":0},"end":{"line":3,"column":70}},"3":{"start":{"line":5,"column":13},"end":{"line":11,"column":null}},"4":{"start":{"line":7,"column":14},"end":{"line":10,"column":null}},"5":{"start":{"line":8,"column":8},"end":{"line":8,"column":62}},"6":{"start":{"line":9,"column":8},"end":{"line":9,"column":19}}},"fnMap":{"0":{"name":"(anonymous_13)","decl":{"start":{"line":7,"column":4},"end":{"line":7,"column":11}},"loc":{"start":{"line":7,"column":14},"end":{"line":10,"column":null}}},"1":{"name":"(anonymous_14)","decl":{"start":{"line":7,"column":14},"end":{"line":7,"column":null}},"loc":{"start":{"line":7,"column":14},"end":{"line":10,"column":null}}}},"branchMap":{},"s":{"0":1,"1":1,"2":1,"3":1,"4":0,"5":0,"6":0},"f":{"0":0,"1":0},"b":{}}
}
