TN:
SF:src\app\types\IMovieGenre.ts
FN:1,(anonymous_0)
FNF:1
FNH:1
FNDA:2,(anonymous_0)
DA:1,2
DA:2,2
DA:3,2
DA:4,2
DA:5,2
DA:6,2
DA:7,2
DA:8,2
DA:9,2
DA:10,2
DA:11,2
DA:12,2
DA:13,2
DA:14,2
LF:14
LH:14
BRDA:1,0,0,2
BRDA:1,0,1,2
BRF:2
BRH:2
end_of_record
TN:
SF:src\store\reducers\filmIdReducer.ts
FN:2,(anonymous_0)
FN:4,(anonymous_1)
FNF:2
FNH:2
FNDA:1,(anonymous_0)
FNDA:3,(anonymous_1)
DA:2,1
DA:3,1
DA:4,1
DA:5,3
DA:7,1
LF:5
LH:5
BRF:0
BRH:0
end_of_record
TN:
SF:src\store\reducers\filterMoviesReducer.ts
FN:4,(anonymous_0)
FN:6,(anonymous_1)
FN:14,(anonymous_2)
FNF:3
FNH:3
FNDA:3,(anonymous_0)
FNDA:9,(anonymous_1)
FNDA:3,(anonymous_2)
DA:4,1
DA:5,3
DA:6,3
DA:7,9
DA:8,3
DA:10,6
DA:11,3
DA:13,3
DA:14,3
DA:18,3
LF:10
LH:10
BRDA:7,0,0,3
BRDA:10,1,0,3
BRDA:13,2,0,3
BRF:3
BRH:3
end_of_record
TN:
SF:src\store\reducers\setFilterNameReducer.ts
FN:4,(anonymous_0)
FNF:1
FNH:1
FNDA:1,(anonymous_0)
DA:4,1
DA:5,1
DA:6,1
LF:3
LH:3
BRF:0
BRH:0
end_of_record
TN:
SF:src\store\reducers\sortMoviesByNameReducer.ts
FN:4,(anonymous_0)
FN:6,(anonymous_1)
FNF:2
FNH:2
FNDA:2,(anonymous_0)
FNDA:16,(anonymous_1)
DA:4,1
DA:5,2
DA:6,2
DA:7,16
DA:8,6
DA:10,10
DA:11,8
DA:13,2
DA:15,2
DA:16,1
DA:18,1
LF:11
LH:11
BRDA:7,0,0,6
BRDA:10,1,0,8
BRDA:15,2,0,1
BRDA:15,2,1,1
BRF:4
BRH:4
end_of_record
TN:
SF:src\store\reducers\sortMoviesByYearReducer.ts
FN:4,(anonymous_0)
FN:6,(anonymous_1)
FNF:2
FNH:2
FNDA:2,(anonymous_0)
FNDA:12,(anonymous_1)
DA:4,1
DA:5,2
DA:6,2
DA:7,12
DA:8,4
DA:10,8
DA:11,6
DA:13,2
DA:15,2
DA:16,1
DA:18,1
LF:11
LH:11
BRDA:7,0,0,4
BRDA:10,1,0,6
BRDA:15,2,0,1
BRDA:15,2,1,1
BRF:4
BRH:4
end_of_record
